Command line invocation:
    /Applications/Xcode.app/Contents/Developer/usr/bin/xcodebuild -project MedMod.xcodeproj -scheme MedMod -destination "platform=iOS Simulator,name=iPhone 16" clean build

CreateBuildRequest

SendProjectDescription

CreateBuildOperation

** CLEAN SUCCEEDED **

ComputePackagePrebuildTargetDependencyGraph

Prepare packages

CreateBuildRequest

SendProjectDescription

CreateBuildOperation

ComputeTargetDependencyGraph
note: Building targets in dependency order
note: Target dependency graph (1 target)
    Target 'MedMod' in project 'MedMod' (no dependencies)

GatherProvisioningInputs

CreateBuildDescription

ExecuteExternalTool /Applications/Xcode.app/Contents/Developer/Toolchains/XcodeDefault.xctoolchain/usr/bin/clang -v -E -dM -isysroot /Applications/Xcode.app/Contents/Developer/Platforms/iPhoneSimulator.platform/Developer/SDKs/iPhoneSimulator26.2.sdk -x c -c /dev/null

ExecuteExternalTool /Applications/Xcode.app/Contents/Developer/usr/bin/actool --print-asset-tag-combinations --output-format xml1 /Users/gunnarhostetler/Documents/GitHub/MedMod/MedMod/Assets.xcassets

ExecuteExternalTool /Applications/Xcode.app/Contents/Developer/usr/bin/actool --version --output-format xml1

ExecuteExternalTool /Applications/Xcode.app/Contents/Developer/Toolchains/XcodeDefault.xctoolchain/usr/bin/swiftc --version

ExecuteExternalTool /Applications/Xcode.app/Contents/Developer/Toolchains/XcodeDefault.xctoolchain/usr/bin/ld -version_details

Build description signature: 90b59c6a5326122e2c23391421206e6a
Build description path: /Users/gunnarhostetler/Library/Developer/Xcode/DerivedData/MedMod-czbriqylmxbhcdeavfsvhlrrspru/Build/Intermediates.noindex/XCBuildData/90b59c6a5326122e2c23391421206e6a.xcbuilddata
error: Multiple commands produce '/Users/gunnarhostetler/Library/Developer/Xcode/DerivedData/MedMod-czbriqylmxbhcdeavfsvhlrrspru/Build/Products/Debug-iphonesimulator/MedMod.app/Info.plist'
    note: Target 'MedMod' (project 'MedMod') has copy command from '/Users/gunnarhostetler/Documents/GitHub/MedMod/MedMod/Info.plist' to '/Users/gunnarhostetler/Library/Developer/Xcode/DerivedData/MedMod-czbriqylmxbhcdeavfsvhlrrspru/Build/Products/Debug-iphonesimulator/MedMod.app/Info.plist'
    note: Target 'MedMod' (project 'MedMod') has process command with output '/Users/gunnarhostetler/Library/Developer/Xcode/DerivedData/MedMod-czbriqylmxbhcdeavfsvhlrrspru/Build/Products/Debug-iphonesimulator/MedMod.app/Info.plist'
error: Multiple commands produce '/Users/gunnarhostetler/Library/Developer/Xcode/DerivedData/MedMod-czbriqylmxbhcdeavfsvhlrrspru/Build/Products/Debug-iphonesimulator/MedMod.app/FemaleHeadModel.usdz'
    note: Target 'MedMod' (project 'MedMod') has copy command from '/Users/gunnarhostetler/Documents/GitHub/MedMod/FemaleHeadModel.usdz' to '/Users/gunnarhostetler/Library/Developer/Xcode/DerivedData/MedMod-czbriqylmxbhcdeavfsvhlrrspru/Build/Products/Debug-iphonesimulator/MedMod.app/FemaleHeadModel.usdz'
    note: Target 'MedMod' (project 'MedMod') has copy command from '/Users/gunnarhostetler/Documents/GitHub/MedMod/MedMod/FemaleHeadModel.usdz' to '/Users/gunnarhostetler/Library/Developer/Xcode/DerivedData/MedMod-czbriqylmxbhcdeavfsvhlrrspru/Build/Products/Debug-iphonesimulator/MedMod.app/FemaleHeadModel.usdz'
ClangStatCache /Applications/Xcode.app/Contents/Developer/Toolchains/XcodeDefault.xctoolchain/usr/bin/clang-stat-cache /Applications/Xcode.app/Contents/Developer/Platforms/iPhoneSimulator.platform/Developer/SDKs/iPhoneSimulator26.2.sdk /Users/gunnarhostetler/Library/Developer/Xcode/DerivedData/SDKStatCaches.noindex/iphonesimulator26.2-23C57-7d00a8b37fbd7999ea79df8ebc024bf0.sdkstatcache
    cd /Users/gunnarhostetler/Documents/GitHub/MedMod/MedMod.xcodeproj
    /Applications/Xcode.app/Contents/Developer/Toolchains/XcodeDefault.xctoolchain/usr/bin/clang-stat-cache /Applications/Xcode.app/Contents/Developer/Platforms/iPhoneSimulator.platform/Developer/SDKs/iPhoneSimulator26.2.sdk -o /Users/gunnarhostetler/Library/Developer/Xcode/DerivedData/SDKStatCaches.noindex/iphonesimulator26.2-23C57-7d00a8b37fbd7999ea79df8ebc024bf0.sdkstatcache

CreateBuildDirectory /Users/gunnarhostetler/Library/Developer/Xcode/DerivedData/MedMod-czbriqylmxbhcdeavfsvhlrrspru/Build/Intermediates.noindex
    cd /Users/gunnarhostetler/Documents/GitHub/MedMod/MedMod.xcodeproj
    builtin-create-build-directory /Users/gunnarhostetler/Library/Developer/Xcode/DerivedData/MedMod-czbriqylmxbhcdeavfsvhlrrspru/Build/Intermediates.noindex

CreateBuildDirectory /Users/gunnarhostetler/Library/Developer/Xcode/DerivedData/MedMod-czbriqylmxbhcdeavfsvhlrrspru/Build/Products
    cd /Users/gunnarhostetler/Documents/GitHub/MedMod/MedMod.xcodeproj
    builtin-create-build-directory /Users/gunnarhostetler/Library/Developer/Xcode/DerivedData/MedMod-czbriqylmxbhcdeavfsvhlrrspru/Build/Products

note: Disabling hardened runtime with ad-hoc codesigning. (in target 'MedMod' from project 'MedMod')
/Users/gunnarhostetler/Documents/GitHub/MedMod/MedMod.xcodeproj: warning: The Copy Bundle Resources build phase contains this target's Info.plist file '/Users/gunnarhostetler/Documents/GitHub/MedMod/MedMod/Info.plist'. (in target 'MedMod' from project 'MedMod')
warning: Skipping duplicate build file in Compile Sources build phase: /Users/gunnarhostetler/Documents/GitHub/MedMod/MedMod/Models/Appointment.swift (in target 'MedMod' from project 'MedMod')
warning: Skipping duplicate build file in Compile Sources build phase: /Users/gunnarhostetler/Documents/GitHub/MedMod/MedMod/Models/LocalClinicalRecord.swift (in target 'MedMod' from project 'MedMod')
warning: Skipping duplicate build file in Compile Sources build phase: /Users/gunnarhostetler/Documents/GitHub/MedMod/MedMod/Models/LocalMedication.swift (in target 'MedMod' from project 'MedMod')
warning: Skipping duplicate build file in Compile Sources build phase: /Users/gunnarhostetler/Documents/GitHub/MedMod/MedMod/Models/PatientProfile.swift (in target 'MedMod' from project 'MedMod')
warning: Skipping duplicate build file in Compile Sources build phase: /Users/gunnarhostetler/Documents/GitHub/MedMod/MedMod/AI/ClinicalIntelligenceService.swift (in target 'MedMod' from project 'MedMod')
warning: Skipping duplicate build file in Compile Sources build phase: /Users/gunnarhostetler/Documents/GitHub/MedMod/MedMod/Views/PatientDashboardView.swift (in target 'MedMod' from project 'MedMod')
warning: Skipping duplicate build file in Compile Sources build phase: /Users/gunnarhostetler/Documents/GitHub/MedMod/MedMod/Views/iPadClinicalToolbar.swift (in target 'MedMod' from project 'MedMod')
warning: Skipping duplicate build file in Compile Sources build phase: /Users/gunnarhostetler/Documents/GitHub/MedMod/MedMod/Views/ClinicalAssistantView.swift (in target 'MedMod' from project 'MedMod')
warning: Skipping duplicate build file in Compile Sources build phase: /Users/gunnarhostetler/Documents/GitHub/MedMod/MedMod/Views/SubViews.swift (in target 'MedMod' from project 'MedMod')
warning: Skipping duplicate build file in Compile Sources build phase: /Users/gunnarhostetler/Documents/GitHub/MedMod/MedMod/Views/ClinicalExamView.swift (in target 'MedMod' from project 'MedMod')
warning: Skipping duplicate build file in Compile Sources build phase: /Users/gunnarhostetler/Documents/GitHub/MedMod/MedMod/Views/VisitHistoryView.swift (in target 'MedMod' from project 'MedMod')
warning: Skipping duplicate build file in Compile Sources build phase: /Users/gunnarhostetler/Documents/GitHub/MedMod/MedMod/Views/ClinicalPDFDocumentView.swift (in target 'MedMod' from project 'MedMod')
warning: Skipping duplicate build file in Compile Sources build phase: /Users/gunnarhostetler/Documents/GitHub/MedMod/MedMod/Views/EHRMainShellView.swift (in target 'MedMod' from project 'MedMod')
warning: Skipping duplicate build file in Compile Sources build phase: /Users/gunnarhostetler/Documents/GitHub/MedMod/MedMod/Views/RxView.swift (in target 'MedMod' from project 'MedMod')
warning: Skipping duplicate build file in Compile Sources build phase: /Users/gunnarhostetler/Documents/GitHub/MedMod/MedMod/Views/AnatomicalRealityView.swift (in target 'MedMod' from project 'MedMod')
warning: Skipping duplicate build file in Compile Sources build phase: /Users/gunnarhostetler/Documents/GitHub/MedMod/MedMod/ContentView.swift (in target 'MedMod' from project 'MedMod')
warning: Skipping duplicate build file in Compile Sources build phase: /Users/gunnarhostetler/Documents/GitHub/MedMod/MedMod/Services/HealthKitFHIRService.swift (in target 'MedMod' from project 'MedMod')
warning: Skipping duplicate build file in Compile Sources build phase: /Users/gunnarhostetler/Documents/GitHub/MedMod/MedMod/MedModApp.swift (in target 'MedMod' from project 'MedMod')
warning: duplicate output file '/Users/gunnarhostetler/Library/Developer/Xcode/DerivedData/MedMod-czbriqylmxbhcdeavfsvhlrrspru/Build/Products/Debug-iphonesimulator/MedMod.app/FemaleHeadModel.usdz' on task: CpResource /Users/gunnarhostetler/Library/Developer/Xcode/DerivedData/MedMod-czbriqylmxbhcdeavfsvhlrrspru/Build/Products/Debug-iphonesimulator/MedMod.app/FemaleHeadModel.usdz /Users/gunnarhostetler/Documents/GitHub/MedMod/MedMod/FemaleHeadModel.usdz (in target 'MedMod' from project 'MedMod')
warning: duplicate output file '/Users/gunnarhostetler/Library/Developer/Xcode/DerivedData/MedMod-czbriqylmxbhcdeavfsvhlrrspru/Build/Products/Debug-iphonesimulator/MedMod.app/Info.plist' on task: ProcessInfoPlistFile /Users/gunnarhostetler/Library/Developer/Xcode/DerivedData/MedMod-czbriqylmxbhcdeavfsvhlrrspru/Build/Products/Debug-iphonesimulator/MedMod.app/Info.plist /Users/gunnarhostetler/Documents/GitHub/MedMod/MedMod/Info.plist (in target 'MedMod' from project 'MedMod')
