Command line invocation:
    /Applications/Xcode.app/Contents/Developer/usr/bin/xcodebuild -project MedMod.xcodeproj -scheme MedMod -destination "platform=iOS Simulator,name=iPhone 16" build

2026-03-20 23:15:21.464 xcodebuild[13511:33286241] [MT] IDERunDestination: Supported platforms for the buildables in the current scheme is empty.
ComputePackagePrebuildTargetDependencyGraph

Prepare packages

CreateBuildRequest

SendProjectDescription

CreateBuildOperation

ComputeTargetDependencyGraph
note: Building targets in dependency order
note: Target dependency graph (1 target)
    Target 'MedMod' in project 'MedMod' (no dependencies)

GatherProvisioningInputs

CreateBuildDescription

ExecuteExternalTool /Applications/Xcode.app/Contents/Developer/Toolchains/XcodeDefault.xctoolchain/usr/bin/clang -v -E -dM -isysroot /Applications/Xcode.app/Contents/Developer/Platforms/iPhoneSimulator.platform/Developer/SDKs/iPhoneSimulator26.2.sdk -x c -c /dev/null

ExecuteExternalTool /Applications/Xcode.app/Contents/Developer/usr/bin/actool --print-asset-tag-combinations --output-format xml1 /Users/gunnarhostetler/Documents/GitHub/MedMod/MedMod/Assets.xcassets

ExecuteExternalTool /Applications/Xcode.app/Contents/Developer/usr/bin/actool --version --output-format xml1

ExecuteExternalTool /Applications/Xcode.app/Contents/Developer/Toolchains/XcodeDefault.xctoolchain/usr/bin/swiftc --version

ExecuteExternalTool /Applications/Xcode.app/Contents/Developer/Toolchains/XcodeDefault.xctoolchain/usr/bin/ld -version_details

Build description signature: 625389217953891293fed9c6e03f7a3b
Build description path: /Users/gunnarhostetler/Library/Developer/Xcode/DerivedData/MedMod-czbriqylmxbhcdeavfsvhlrrspru/Build/Intermediates.noindex/XCBuildData/625389217953891293fed9c6e03f7a3b.xcbuilddata
ClangStatCache /Applications/Xcode.app/Contents/Developer/Toolchains/XcodeDefault.xctoolchain/usr/bin/clang-stat-cache /Applications/Xcode.app/Contents/Developer/Platforms/iPhoneSimulator.platform/Developer/SDKs/iPhoneSimulator26.2.sdk /Users/gunnarhostetler/Library/Developer/Xcode/DerivedData/SDKStatCaches.noindex/iphonesimulator26.2-23C57-7d00a8b37fbd7999ea79df8ebc024bf0.sdkstatcache
    cd /Users/gunnarhostetler/Documents/GitHub/MedMod/MedMod.xcodeproj
    /Applications/Xcode.app/Contents/Developer/Toolchains/XcodeDefault.xctoolchain/usr/bin/clang-stat-cache /Applications/Xcode.app/Contents/Developer/Platforms/iPhoneSimulator.platform/Developer/SDKs/iPhoneSimulator26.2.sdk -o /Users/gunnarhostetler/Library/Developer/Xcode/DerivedData/SDKStatCaches.noindex/iphonesimulator26.2-23C57-7d00a8b37fbd7999ea79df8ebc024bf0.sdkstatcache

ProcessProductPackaging "" /Users/gunnarhostetler/Library/Developer/Xcode/DerivedData/MedMod-czbriqylmxbhcdeavfsvhlrrspru/Build/Intermediates.noindex/MedMod.build/Debug-iphonesimulator/MedMod.build/MedMod.app-Simulated.xcent (in target 'MedMod' from project 'MedMod')
    cd /Users/gunnarhostetler/Documents/GitHub/MedMod
    
    Entitlements:
    
    {
    "application-identifier" = "Z3E334EXZD.Gunndamental.MedMod";
}
    
    builtin-productPackagingUtility -entitlements -format xml -o /Users/gunnarhostetler/Library/Developer/Xcode/DerivedData/MedMod-czbriqylmxbhcdeavfsvhlrrspru/Build/Intermediates.noindex/MedMod.build/Debug-iphonesimulator/MedMod.build/MedMod.app-Simulated.xcent

ProcessProductPackagingDER /Users/gunnarhostetler/Library/Developer/Xcode/DerivedData/MedMod-czbriqylmxbhcdeavfsvhlrrspru/Build/Intermediates.noindex/MedMod.build/Debug-iphonesimulator/MedMod.build/MedMod.app-Simulated.xcent /Users/gunnarhostetler/Library/Developer/Xcode/DerivedData/MedMod-czbriqylmxbhcdeavfsvhlrrspru/Build/Intermediates.noindex/MedMod.build/Debug-iphonesimulator/MedMod.build/MedMod.app-Simulated.xcent.der (in target 'MedMod' from project 'MedMod')
    cd /Users/gunnarhostetler/Documents/GitHub/MedMod
    /usr/bin/derq query -f xml -i /Users/gunnarhostetler/Library/Developer/Xcode/DerivedData/MedMod-czbriqylmxbhcdeavfsvhlrrspru/Build/Intermediates.noindex/MedMod.build/Debug-iphonesimulator/MedMod.build/MedMod.app-Simulated.xcent -o /Users/gunnarhostetler/Library/Developer/Xcode/DerivedData/MedMod-czbriqylmxbhcdeavfsvhlrrspru/Build/Intermediates.noindex/MedMod.build/Debug-iphonesimulator/MedMod.build/MedMod.app-Simulated.xcent.der --raw

Ld /Users/gunnarhostetler/Library/Developer/Xcode/DerivedData/MedMod-czbriqylmxbhcdeavfsvhlrrspru/Build/Products/Debug-iphonesimulator/MedMod.app/__preview.dylib normal (in target 'MedMod' from project 'MedMod')
    cd /Users/gunnarhostetler/Documents/GitHub/MedMod
    /Applications/Xcode.app/Contents/Developer/Toolchains/XcodeDefault.xctoolchain/usr/bin/clang -Xlinker -reproducible -target arm64-apple-ios26.2-simulator -dynamiclib -isysroot /Applications/Xcode.app/Contents/Developer/Platforms/iPhoneSimulator.platform/Developer/SDKs/iPhoneSimulator26.2.sdk -O0 -L/Users/gunnarhostetler/Library/Developer/Xcode/DerivedData/MedMod-czbriqylmxbhcdeavfsvhlrrspru/Build/Products/Debug-iphonesimulator -F/Users/gunnarhostetler/Library/Developer/Xcode/DerivedData/MedMod-czbriqylmxbhcdeavfsvhlrrspru/Build/Products/Debug-iphonesimulator -install_name @rpath/MedMod.debug.dylib -dead_strip -rdynamic -Xlinker -no_deduplicate -Xlinker -objc_abi_version -Xlinker 2 -Xlinker -dependency_info -Xlinker /Users/gunnarhostetler/Library/Developer/Xcode/DerivedData/MedMod-czbriqylmxbhcdeavfsvhlrrspru/Build/Intermediates.noindex/MedMod.build/Debug-iphonesimulator/MedMod.build/Objects-normal/arm64/MedMod_dependency_info.dat -Xlinker -sectcreate -Xlinker __TEXT -Xlinker __entitlements -Xlinker /Users/gunnarhostetler/Library/Developer/Xcode/DerivedData/MedMod-czbriqylmxbhcdeavfsvhlrrspru/Build/Intermediates.noindex/MedMod.build/Debug-iphonesimulator/MedMod.build/MedMod.app-Simulated.xcent -Xlinker -sectcreate -Xlinker __TEXT -Xlinker __ents_der -Xlinker /Users/gunnarhostetler/Library/Developer/Xcode/DerivedData/MedMod-czbriqylmxbhcdeavfsvhlrrspru/Build/Intermediates.noindex/MedMod.build/Debug-iphonesimulator/MedMod.build/MedMod.app-Simulated.xcent.der -Xlinker -no_adhoc_codesign -o /Users/gunnarhostetler/Library/Developer/Xcode/DerivedData/MedMod-czbriqylmxbhcdeavfsvhlrrspru/Build/Products/Debug-iphonesimulator/MedMod.app/__preview.dylib

CompileAssetCatalogVariant thinned /Users/gunnarhostetler/Library/Developer/Xcode/DerivedData/MedMod-czbriqylmxbhcdeavfsvhlrrspru/Build/Products/Debug-iphonesimulator/MedMod.app /Users/gunnarhostetler/Documents/GitHub/MedMod/MedMod/Assets.xcassets (in target 'MedMod' from project 'MedMod')
    cd /Users/gunnarhostetler/Documents/GitHub/MedMod
    /Applications/Xcode.app/Contents/Developer/usr/bin/actool /Users/gunnarhostetler/Documents/GitHub/MedMod/MedMod/Assets.xcassets --compile /Users/gunnarhostetler/Library/Developer/Xcode/DerivedData/MedMod-czbriqylmxbhcdeavfsvhlrrspru/Build/Intermediates.noindex/MedMod.build/Debug-iphonesimulator/MedMod.build/assetcatalog_output/thinned --output-format human-readable-text --notices --warnings --export-dependency-info /Users/gunnarhostetler/Library/Developer/Xcode/DerivedData/MedMod-czbriqylmxbhcdeavfsvhlrrspru/Build/Intermediates.noindex/MedMod.build/Debug-iphonesimulator/MedMod.build/assetcatalog_dependencies_thinned --output-partial-info-plist /Users/gunnarhostetler/Library/Developer/Xcode/DerivedData/MedMod-czbriqylmxbhcdeavfsvhlrrspru/Build/Intermediates.noindex/MedMod.build/Debug-iphonesimulator/MedMod.build/assetcatalog_generated_info.plist_thinned --app-icon AppIcon --accent-color AccentColor --compress-pngs --enable-on-demand-resources YES --filter-for-thinning-device-configuration iPhone17,3 --filter-for-device-os-version 26.2 --development-region en --target-device iphone --target-device ipad --minimum-deployment-target 26.2 --platform iphonesimulator
/* com.apple.actool.compilation-results */
/Users/gunnarhostetler/Library/Developer/Xcode/DerivedData/MedMod-czbriqylmxbhcdeavfsvhlrrspru/Build/Intermediates.noindex/MedMod.build/Debug-iphonesimulator/MedMod.build/assetcatalog_generated_info.plist_thinned


LinkAssetCatalog /Users/gunnarhostetler/Documents/GitHub/MedMod/MedMod/Assets.xcassets (in target 'MedMod' from project 'MedMod')
    cd /Users/gunnarhostetler/Documents/GitHub/MedMod
    builtin-linkAssetCatalog --thinned /Users/gunnarhostetler/Library/Developer/Xcode/DerivedData/MedMod-czbriqylmxbhcdeavfsvhlrrspru/Build/Intermediates.noindex/MedMod.build/Debug-iphonesimulator/MedMod.build/assetcatalog_output/thinned --thinned-dependencies /Users/gunnarhostetler/Library/Developer/Xcode/DerivedData/MedMod-czbriqylmxbhcdeavfsvhlrrspru/Build/Intermediates.noindex/MedMod.build/Debug-iphonesimulator/MedMod.build/assetcatalog_dependencies_thinned --thinned-info-plist-content /Users/gunnarhostetler/Library/Developer/Xcode/DerivedData/MedMod-czbriqylmxbhcdeavfsvhlrrspru/Build/Intermediates.noindex/MedMod.build/Debug-iphonesimulator/MedMod.build/assetcatalog_generated_info.plist_thinned --unthinned /Users/gunnarhostetler/Library/Developer/Xcode/DerivedData/MedMod-czbriqylmxbhcdeavfsvhlrrspru/Build/Intermediates.noindex/MedMod.build/Debug-iphonesimulator/MedMod.build/assetcatalog_output/unthinned --unthinned-dependencies /Users/gunnarhostetler/Library/Developer/Xcode/DerivedData/MedMod-czbriqylmxbhcdeavfsvhlrrspru/Build/Intermediates.noindex/MedMod.build/Debug-iphonesimulator/MedMod.build/assetcatalog_dependencies_unthinned --unthinned-info-plist-content /Users/gunnarhostetler/Library/Developer/Xcode/DerivedData/MedMod-czbriqylmxbhcdeavfsvhlrrspru/Build/Intermediates.noindex/MedMod.build/Debug-iphonesimulator/MedMod.build/assetcatalog_generated_info.plist_unthinned --output /Users/gunnarhostetler/Library/Developer/Xcode/DerivedData/MedMod-czbriqylmxbhcdeavfsvhlrrspru/Build/Products/Debug-iphonesimulator/MedMod.app --plist-output /Users/gunnarhostetler/Library/Developer/Xcode/DerivedData/MedMod-czbriqylmxbhcdeavfsvhlrrspru/Build/Intermediates.noindex/MedMod.build/Debug-iphonesimulator/MedMod.build/assetcatalog_generated_info.plist

ProcessInfoPlistFile /Users/gunnarhostetler/Library/Developer/Xcode/DerivedData/MedMod-czbriqylmxbhcdeavfsvhlrrspru/Build/Products/Debug-iphonesimulator/MedMod.app/Info.plist /Users/gunnarhostetler/Library/Developer/Xcode/DerivedData/MedMod-czbriqylmxbhcdeavfsvhlrrspru/Build/Intermediates.noindex/MedMod.build/Debug-iphonesimulator/MedMod.build/empty-MedMod.plist (in target 'MedMod' from project 'MedMod')
    cd /Users/gunnarhostetler/Documents/GitHub/MedMod
    builtin-infoPlistUtility /Users/gunnarhostetler/Library/Developer/Xcode/DerivedData/MedMod-czbriqylmxbhcdeavfsvhlrrspru/Build/Intermediates.noindex/MedMod.build/Debug-iphonesimulator/MedMod.build/empty-MedMod.plist -producttype com.apple.product-type.application -genpkginfo /Users/gunnarhostetler/Library/Developer/Xcode/DerivedData/MedMod-czbriqylmxbhcdeavfsvhlrrspru/Build/Products/Debug-iphonesimulator/MedMod.app/PkgInfo -expandbuildsettings -format binary -platform iphonesimulator -additionalcontentfile /Users/gunnarhostetler/Library/Developer/Xcode/DerivedData/MedMod-czbriqylmxbhcdeavfsvhlrrspru/Build/Intermediates.noindex/MedMod.build/Debug-iphonesimulator/MedMod.build/assetcatalog_generated_info.plist -o /Users/gunnarhostetler/Library/Developer/Xcode/DerivedData/MedMod-czbriqylmxbhcdeavfsvhlrrspru/Build/Products/Debug-iphonesimulator/MedMod.app/Info.plist

Ld /Users/gunnarhostetler/Library/Developer/Xcode/DerivedData/MedMod-czbriqylmxbhcdeavfsvhlrrspru/Build/Products/Debug-iphonesimulator/MedMod.app/MedMod.debug.dylib normal (in target 'MedMod' from project 'MedMod')
    cd /Users/gunnarhostetler/Documents/GitHub/MedMod
    /Applications/Xcode.app/Contents/Developer/Toolchains/XcodeDefault.xctoolchain/usr/bin/clang -Xlinker -reproducible -target arm64-apple-ios26.2-simulator -dynamiclib -isysroot /Applications/Xcode.app/Contents/Developer/Platforms/iPhoneSimulator.platform/Developer/SDKs/iPhoneSimulator26.2.sdk -O0 -L/Users/gunnarhostetler/Library/Developer/Xcode/DerivedData/MedMod-czbriqylmxbhcdeavfsvhlrrspru/Build/Intermediates.noindex/EagerLinkingTBDs/Debug-iphonesimulator -L/Users/gunnarhostetler/Library/Developer/Xcode/DerivedData/MedMod-czbriqylmxbhcdeavfsvhlrrspru/Build/Products/Debug-iphonesimulator -F/Users/gunnarhostetler/Library/Developer/Xcode/DerivedData/MedMod-czbriqylmxbhcdeavfsvhlrrspru/Build/Intermediates.noindex/EagerLinkingTBDs/Debug-iphonesimulator -F/Users/gunnarhostetler/Library/Developer/Xcode/DerivedData/MedMod-czbriqylmxbhcdeavfsvhlrrspru/Build/Products/Debug-iphonesimulator -filelist /Users/gunnarhostetler/Library/Developer/Xcode/DerivedData/MedMod-czbriqylmxbhcdeavfsvhlrrspru/Build/Intermediates.noindex/MedMod.build/Debug-iphonesimulator/MedMod.build/Objects-normal/arm64/MedMod.LinkFileList -install_name @rpath/MedMod.debug.dylib -Xlinker -rpath -Xlinker @executable_path/Frameworks -dead_strip -Xlinker -object_path_lto -Xlinker /Users/gunnarhostetler/Library/Developer/Xcode/DerivedData/MedMod-czbriqylmxbhcdeavfsvhlrrspru/Build/Intermediates.noindex/MedMod.build/Debug-iphonesimulator/MedMod.build/Objects-normal/arm64/MedMod_lto.o -rdynamic -Xlinker -no_deduplicate -Xlinker -objc_abi_version -Xlinker 2 -Xlinker -dependency_info -Xlinker /Users/gunnarhostetler/Library/Developer/Xcode/DerivedData/MedMod-czbriqylmxbhcdeavfsvhlrrspru/Build/Intermediates.noindex/MedMod.build/Debug-iphonesimulator/MedMod.build/Objects-normal/arm64/MedMod_dependency_info.dat -fobjc-link-runtime -L/Applications/Xcode.app/Contents/Developer/Toolchains/XcodeDefault.xctoolchain/usr/lib/swift/iphonesimulator -L/usr/lib/swift -Xlinker -add_ast_path -Xlinker /Users/gunnarhostetler/Library/Developer/Xcode/DerivedData/MedMod-czbriqylmxbhcdeavfsvhlrrspru/Build/Intermediates.noindex/MedMod.build/Debug-iphonesimulator/MedMod.build/Objects-normal/arm64/MedMod.swiftmodule @/Users/gunnarhostetler/Library/Developer/Xcode/DerivedData/MedMod-czbriqylmxbhcdeavfsvhlrrspru/Build/Intermediates.noindex/MedMod.build/Debug-iphonesimulator/MedMod.build/Objects-normal/arm64/MedMod-linker-args.resp -Xlinker -alias -Xlinker _main -Xlinker ___debug_main_executable_dylib_entry_point -Xlinker -no_adhoc_codesign -o /Users/gunnarhostetler/Library/Developer/Xcode/DerivedData/MedMod-czbriqylmxbhcdeavfsvhlrrspru/Build/Products/Debug-iphonesimulator/MedMod.app/MedMod.debug.dylib

ConstructStubExecutorLinkFileList /Users/gunnarhostetler/Library/Developer/Xcode/DerivedData/MedMod-czbriqylmxbhcdeavfsvhlrrspru/Build/Intermediates.noindex/MedMod.build/Debug-iphonesimulator/MedMod.build/MedMod-ExecutorLinkFileList-normal-arm64.txt (in target 'MedMod' from project 'MedMod')
    cd /Users/gunnarhostetler/Documents/GitHub/MedMod
    construct-stub-executor-link-file-list /Users/gunnarhostetler/Library/Developer/Xcode/DerivedData/MedMod-czbriqylmxbhcdeavfsvhlrrspru/Build/Products/Debug-iphonesimulator/MedMod.app/MedMod.debug.dylib /Applications/Xcode.app/Contents/Developer/Platforms/iPhoneSimulator.platform/Developer/usr/lib/libPreviewsJITStubExecutor_no_swift_entry_point.a /Applications/Xcode.app/Contents/Developer/Platforms/iPhoneSimulator.platform/Developer/usr/lib/libPreviewsJITStubExecutor.a --output /Users/gunnarhostetler/Library/Developer/Xcode/DerivedData/MedMod-czbriqylmxbhcdeavfsvhlrrspru/Build/Intermediates.noindex/MedMod.build/Debug-iphonesimulator/MedMod.build/MedMod-ExecutorLinkFileList-normal-arm64.txt
note: Using stub executor library with Swift entry point. (in target 'MedMod' from project 'MedMod')

Ld /Users/gunnarhostetler/Library/Developer/Xcode/DerivedData/MedMod-czbriqylmxbhcdeavfsvhlrrspru/Build/Products/Debug-iphonesimulator/MedMod.app/MedMod normal (in target 'MedMod' from project 'MedMod')
    cd /Users/gunnarhostetler/Documents/GitHub/MedMod
    /Applications/Xcode.app/Contents/Developer/Toolchains/XcodeDefault.xctoolchain/usr/bin/clang -Xlinker -reproducible -target arm64-apple-ios26.2-simulator -isysroot /Applications/Xcode.app/Contents/Developer/Platforms/iPhoneSimulator.platform/Developer/SDKs/iPhoneSimulator26.2.sdk -O0 -L/Users/gunnarhostetler/Library/Developer/Xcode/DerivedData/MedMod-czbriqylmxbhcdeavfsvhlrrspru/Build/Products/Debug-iphonesimulator -F/Users/gunnarhostetler/Library/Developer/Xcode/DerivedData/MedMod-czbriqylmxbhcdeavfsvhlrrspru/Build/Products/Debug-iphonesimulator -Xlinker -rpath -Xlinker @executable_path -Xlinker -rpath -Xlinker @executable_path/Frameworks -rdynamic -Xlinker -no_deduplicate -Xlinker -objc_abi_version -Xlinker 2 -e ___debug_blank_executor_main -Xlinker -sectcreate -Xlinker __TEXT -Xlinker __debug_dylib -Xlinker /Users/gunnarhostetler/Library/Developer/Xcode/DerivedData/MedMod-czbriqylmxbhcdeavfsvhlrrspru/Build/Intermediates.noindex/MedMod.build/Debug-iphonesimulator/MedMod.build/MedMod-DebugDylibPath-normal-arm64.txt -Xlinker -sectcreate -Xlinker __TEXT -Xlinker __debug_instlnm -Xlinker /Users/gunnarhostetler/Library/Developer/Xcode/DerivedData/MedMod-czbriqylmxbhcdeavfsvhlrrspru/Build/Intermediates.noindex/MedMod.build/Debug-iphonesimulator/MedMod.build/MedMod-DebugDylibInstallName-normal-arm64.txt -Xlinker -filelist -Xlinker /Users/gunnarhostetler/Library/Developer/Xcode/DerivedData/MedMod-czbriqylmxbhcdeavfsvhlrrspru/Build/Intermediates.noindex/MedMod.build/Debug-iphonesimulator/MedMod.build/MedMod-ExecutorLinkFileList-normal-arm64.txt -Xlinker -sectcreate -Xlinker __TEXT -Xlinker __entitlements -Xlinker /Users/gunnarhostetler/Library/Developer/Xcode/DerivedData/MedMod-czbriqylmxbhcdeavfsvhlrrspru/Build/Intermediates.noindex/MedMod.build/Debug-iphonesimulator/MedMod.build/MedMod.app-Simulated.xcent -Xlinker -sectcreate -Xlinker __TEXT -Xlinker __ents_der -Xlinker /Users/gunnarhostetler/Library/Developer/Xcode/DerivedData/MedMod-czbriqylmxbhcdeavfsvhlrrspru/Build/Intermediates.noindex/MedMod.build/Debug-iphonesimulator/MedMod.build/MedMod.app-Simulated.xcent.der /Users/gunnarhostetler/Library/Developer/Xcode/DerivedData/MedMod-czbriqylmxbhcdeavfsvhlrrspru/Build/Products/Debug-iphonesimulator/MedMod.app/MedMod.debug.dylib -Xlinker -no_adhoc_codesign -o /Users/gunnarhostetler/Library/Developer/Xcode/DerivedData/MedMod-czbriqylmxbhcdeavfsvhlrrspru/Build/Products/Debug-iphonesimulator/MedMod.app/MedMod

CopySwiftLibs /Users/gunnarhostetler/Library/Developer/Xcode/DerivedData/MedMod-czbriqylmxbhcdeavfsvhlrrspru/Build/Products/Debug-iphonesimulator/MedMod.app (in target 'MedMod' from project 'MedMod')
    cd /Users/gunnarhostetler/Documents/GitHub/MedMod
    builtin-swiftStdLibTool --copy --verbose --sign - --scan-executable /Users/gunnarhostetler/Library/Developer/Xcode/DerivedData/MedMod-czbriqylmxbhcdeavfsvhlrrspru/Build/Products/Debug-iphonesimulator/MedMod.app/MedMod.debug.dylib --scan-folder /Users/gunnarhostetler/Library/Developer/Xcode/DerivedData/MedMod-czbriqylmxbhcdeavfsvhlrrspru/Build/Products/Debug-iphonesimulator/MedMod.app/Frameworks --scan-folder /Users/gunnarhostetler/Library/Developer/Xcode/DerivedData/MedMod-czbriqylmxbhcdeavfsvhlrrspru/Build/Products/Debug-iphonesimulator/MedMod.app/PlugIns --scan-folder /Users/gunnarhostetler/Library/Developer/Xcode/DerivedData/MedMod-czbriqylmxbhcdeavfsvhlrrspru/Build/Products/Debug-iphonesimulator/MedMod.app/SystemExtensions --scan-folder /Users/gunnarhostetler/Library/Developer/Xcode/DerivedData/MedMod-czbriqylmxbhcdeavfsvhlrrspru/Build/Products/Debug-iphonesimulator/MedMod.app/Extensions --platform iphonesimulator --toolchain /Applications/Xcode.app/Contents/Developer/Toolchains/XcodeDefault.xctoolchain --destination /Users/gunnarhostetler/Library/Developer/Xcode/DerivedData/MedMod-czbriqylmxbhcdeavfsvhlrrspru/Build/Products/Debug-iphonesimulator/MedMod.app/Frameworks --strip-bitcode --strip-bitcode-tool /Applications/Xcode.app/Contents/Developer/Toolchains/XcodeDefault.xctoolchain/usr/bin/bitcode_strip --emit-dependency-info /Users/gunnarhostetler/Library/Developer/Xcode/DerivedData/MedMod-czbriqylmxbhcdeavfsvhlrrspru/Build/Intermediates.noindex/MedMod.build/Debug-iphonesimulator/MedMod.build/SwiftStdLibToolInputDependencies.dep --filter-for-swift-os

ExtractAppIntentsMetadata (in target 'MedMod' from project 'MedMod')
    cd /Users/gunnarhostetler/Documents/GitHub/MedMod
    /Applications/Xcode.app/Contents/Developer/Toolchains/XcodeDefault.xctoolchain/usr/bin/appintentsmetadataprocessor --toolchain-dir /Applications/Xcode.app/Contents/Developer/Toolchains/XcodeDefault.xctoolchain --module-name MedMod --sdk-root /Applications/Xcode.app/Contents/Developer/Platforms/iPhoneSimulator.platform/Developer/SDKs/iPhoneSimulator26.2.sdk --xcode-version 17C529 --platform-family iOS --deployment-target 26.2 --bundle-identifier Gunndamental.MedMod --output /Users/gunnarhostetler/Library/Developer/Xcode/DerivedData/MedMod-czbriqylmxbhcdeavfsvhlrrspru/Build/Products/Debug-iphonesimulator/MedMod.app --target-triple arm64-apple-ios26.2-simulator --binary-file /Users/gunnarhostetler/Library/Developer/Xcode/DerivedData/MedMod-czbriqylmxbhcdeavfsvhlrrspru/Build/Products/Debug-iphonesimulator/MedMod.app/MedMod --dependency-file /Users/gunnarhostetler/Library/Developer/Xcode/DerivedData/MedMod-czbriqylmxbhcdeavfsvhlrrspru/Build/Intermediates.noindex/MedMod.build/Debug-iphonesimulator/MedMod.build/Objects-normal/arm64/MedMod_dependency_info.dat --stringsdata-file /Users/gunnarhostetler/Library/Developer/Xcode/DerivedData/MedMod-czbriqylmxbhcdeavfsvhlrrspru/Build/Intermediates.noindex/MedMod.build/Debug-iphonesimulator/MedMod.build/Objects-normal/arm64/ExtractedAppShortcutsMetadata.stringsdata --source-file-list /Users/gunnarhostetler/Library/Developer/Xcode/DerivedData/MedMod-czbriqylmxbhcdeavfsvhlrrspru/Build/Intermediates.noindex/MedMod.build/Debug-iphonesimulator/MedMod.build/Objects-normal/arm64/MedMod.SwiftFileList --metadata-file-list /Users/gunnarhostetler/Library/Developer/Xcode/DerivedData/MedMod-czbriqylmxbhcdeavfsvhlrrspru/Build/Intermediates.noindex/MedMod.build/Debug-iphonesimulator/MedMod.build/MedMod.DependencyMetadataFileList --static-metadata-file-list /Users/gunnarhostetler/Library/Developer/Xcode/DerivedData/MedMod-czbriqylmxbhcdeavfsvhlrrspru/Build/Intermediates.noindex/MedMod.build/Debug-iphonesimulator/MedMod.build/MedMod.DependencyStaticMetadataFileList --swift-const-vals-list /Users/gunnarhostetler/Library/Developer/Xcode/DerivedData/MedMod-czbriqylmxbhcdeavfsvhlrrspru/Build/Intermediates.noindex/MedMod.build/Debug-iphonesimulator/MedMod.build/Objects-normal/arm64/MedMod.SwiftConstValuesFileList --compile-time-extraction --deployment-aware-processing --validate-assistant-intents --no-app-shortcuts-localization
2026-03-20 23:15:22.899 appintentsmetadataprocessor[13597:33286549] Starting appintentsmetadataprocessor export
2026-03-20 23:15:22.900 appintentsmetadataprocessor[13597:33286549] warning: Metadata extraction skipped. No AppIntents.framework dependency found.

CodeSign /Users/gunnarhostetler/Library/Developer/Xcode/DerivedData/MedMod-czbriqylmxbhcdeavfsvhlrrspru/Build/Products/Debug-iphonesimulator/MedMod.app/MedMod.debug.dylib (in target 'MedMod' from project 'MedMod')
    cd /Users/gunnarhostetler/Documents/GitHub/MedMod
    
    Signing Identity:     "Sign to Run Locally"
    
    /usr/bin/codesign --force --sign - --timestamp\=none --generate-entitlement-der /Users/gunnarhostetler/Library/Developer/Xcode/DerivedData/MedMod-czbriqylmxbhcdeavfsvhlrrspru/Build/Products/Debug-iphonesimulator/MedMod.app/MedMod.debug.dylib

CodeSign /Users/gunnarhostetler/Library/Developer/Xcode/DerivedData/MedMod-czbriqylmxbhcdeavfsvhlrrspru/Build/Products/Debug-iphonesimulator/MedMod.app/__preview.dylib (in target 'MedMod' from project 'MedMod')
    cd /Users/gunnarhostetler/Documents/GitHub/MedMod
    
    Signing Identity:     "Sign to Run Locally"
    
    /usr/bin/codesign --force --sign - --timestamp\=none --generate-entitlement-der /Users/gunnarhostetler/Library/Developer/Xcode/DerivedData/MedMod-czbriqylmxbhcdeavfsvhlrrspru/Build/Products/Debug-iphonesimulator/MedMod.app/__preview.dylib

CodeSign /Users/gunnarhostetler/Library/Developer/Xcode/DerivedData/MedMod-czbriqylmxbhcdeavfsvhlrrspru/Build/Products/Debug-iphonesimulator/MedMod.app (in target 'MedMod' from project 'MedMod')
    cd /Users/gunnarhostetler/Documents/GitHub/MedMod
    
    Signing Identity:     "Sign to Run Locally"
    
    /usr/bin/codesign --force --sign - --timestamp\=none --generate-entitlement-der /Users/gunnarhostetler/Library/Developer/Xcode/DerivedData/MedMod-czbriqylmxbhcdeavfsvhlrrspru/Build/Products/Debug-iphonesimulator/MedMod.app

Validate /Users/gunnarhostetler/Library/Developer/Xcode/DerivedData/MedMod-czbriqylmxbhcdeavfsvhlrrspru/Build/Products/Debug-iphonesimulator/MedMod.app (in target 'MedMod' from project 'MedMod')
    cd /Users/gunnarhostetler/Documents/GitHub/MedMod
    builtin-validationUtility /Users/gunnarhostetler/Library/Developer/Xcode/DerivedData/MedMod-czbriqylmxbhcdeavfsvhlrrspru/Build/Products/Debug-iphonesimulator/MedMod.app -shallow-bundle -infoplist-subpath Info.plist

note: Disabling hardened runtime with ad-hoc codesigning. (in target 'MedMod' from project 'MedMod')
warning: Skipping duplicate build file in Compile Sources build phase: /Users/gunnarhostetler/Documents/GitHub/MedMod/MedMod/Models/Appointment.swift (in target 'MedMod' from project 'MedMod')
warning: Skipping duplicate build file in Compile Sources build phase: /Users/gunnarhostetler/Documents/GitHub/MedMod/MedMod/Models/LocalClinicalRecord.swift (in target 'MedMod' from project 'MedMod')
warning: Skipping duplicate build file in Compile Sources build phase: /Users/gunnarhostetler/Documents/GitHub/MedMod/MedMod/Models/LocalMedication.swift (in target 'MedMod' from project 'MedMod')
warning: Skipping duplicate build file in Compile Sources build phase: /Users/gunnarhostetler/Documents/GitHub/MedMod/MedMod/Models/PatientProfile.swift (in target 'MedMod' from project 'MedMod')
warning: Skipping duplicate build file in Compile Sources build phase: /Users/gunnarhostetler/Documents/GitHub/MedMod/MedMod/AI/ClinicalIntelligenceService.swift (in target 'MedMod' from project 'MedMod')
warning: Skipping duplicate build file in Compile Sources build phase: /Users/gunnarhostetler/Documents/GitHub/MedMod/MedMod/Views/PatientDashboardView.swift (in target 'MedMod' from project 'MedMod')
warning: Skipping duplicate build file in Compile Sources build phase: /Users/gunnarhostetler/Documents/GitHub/MedMod/MedMod/Views/iPadClinicalToolbar.swift (in target 'MedMod' from project 'MedMod')
warning: Skipping duplicate build file in Compile Sources build phase: /Users/gunnarhostetler/Documents/GitHub/MedMod/MedMod/Views/ClinicalAssistantView.swift (in target 'MedMod' from project 'MedMod')
warning: Skipping duplicate build file in Compile Sources build phase: /Users/gunnarhostetler/Documents/GitHub/MedMod/MedMod/Views/SubViews.swift (in target 'MedMod' from project 'MedMod')
warning: Skipping duplicate build file in Compile Sources build phase: /Users/gunnarhostetler/Documents/GitHub/MedMod/MedMod/Views/ClinicalExamView.swift (in target 'MedMod' from project 'MedMod')
warning: Skipping duplicate build file in Compile Sources build phase: /Users/gunnarhostetler/Documents/GitHub/MedMod/MedMod/Views/VisitHistoryView.swift (in target 'MedMod' from project 'MedMod')
warning: Skipping duplicate build file in Compile Sources build phase: /Users/gunnarhostetler/Documents/GitHub/MedMod/MedMod/Views/ClinicalPDFDocumentView.swift (in target 'MedMod' from project 'MedMod')
warning: Skipping duplicate build file in Compile Sources build phase: /Users/gunnarhostetler/Documents/GitHub/MedMod/MedMod/Views/EHRMainShellView.swift (in target 'MedMod' from project 'MedMod')
warning: Skipping duplicate build file in Compile Sources build phase: /Users/gunnarhostetler/Documents/GitHub/MedMod/MedMod/Views/RxView.swift (in target 'MedMod' from project 'MedMod')
warning: Skipping duplicate build file in Compile Sources build phase: /Users/gunnarhostetler/Documents/GitHub/MedMod/MedMod/Views/AnatomicalRealityView.swift (in target 'MedMod' from project 'MedMod')
warning: Skipping duplicate build file in Compile Sources build phase: /Users/gunnarhostetler/Documents/GitHub/MedMod/MedMod/ContentView.swift (in target 'MedMod' from project 'MedMod')
warning: Skipping duplicate build file in Compile Sources build phase: /Users/gunnarhostetler/Documents/GitHub/MedMod/MedMod/Services/HealthKitFHIRService.swift (in target 'MedMod' from project 'MedMod')
warning: Skipping duplicate build file in Compile Sources build phase: /Users/gunnarhostetler/Documents/GitHub/MedMod/MedMod/MedModApp.swift (in target 'MedMod' from project 'MedMod')
** BUILD SUCCEEDED **

